<?xml version="1.0" encoding="UTF-8"?>
<!-- Generated by org.testng.reporters.JUnitReportReporter -->
<testsuite hostname="DESKTOP-QB131GQ" failures="0" tests="1" name="sampleProj.test_GET" time="2.815" errors="0" timestamp="2023-05-16T17:10:29 IST" skipped="0">
  <testcase classname="sampleProj.test_GET" name="test_1" time="2.815"/>
  <system-out/>
</testsuite> <!-- sampleProj.test_GET -->
